[23:00:41] [ServerMain/INFO]: [bootstrap] Running Java 21 (OpenJDK 64-Bit Server VM 21.0.5+11-Ubuntu-1ubuntu120.04; Ubuntu null) on Linux 6.5.0-1025-azure (amd64)
[23:00:41] [ServerMain/INFO]: [bootstrap] Loading Paper 1.21-130-master@b1b5d4c (2024-08-10T10:02:42Z) for Minecraft 1.21
[23:00:41] [ServerMain/INFO]: [PluginInitializerManager] Initializing plugins...
[23:00:41] [ServerMain/INFO]: [PluginInitializerManager] Initialized 0 plugins
[23:00:42] [Paper Plugin Remapper Thread - 0/INFO]: [ReobfServer] Remapping server...
[23:00:47] [ServerMain/INFO]: Environment: Environment[sessionHost=https://sessionserver.mojang.com, servicesHost=https://api.minecraftservices.com, name=PROD]
[23:00:47] [ServerMain/INFO]: Found new data pack file/bukkit, loading it automatically
[23:00:47] [ServerMain/INFO]: Found new data pack paper, loading it automatically
[23:00:49] [ServerMain/INFO]: No existing world data, creating new world
[23:00:50] [ServerMain/INFO]: Loaded 1290 recipes
[23:00:50] [Paper Plugin Remapper Thread - 0/INFO]: [ReobfServer] Done remapping server in 8301ms.
[23:00:50] [ServerMain/INFO]: Loaded 1399 advancements
[23:00:51] [Server thread/INFO]: Starting minecraft server version 1.21
[23:00:51] [Server thread/INFO]: Loading properties
[23:00:51] [Server thread/INFO]: This server is running Paper version 1.21-130-master@b1b5d4c (2024-08-10T10:02:42Z) (Implementing API version 1.21-R0.1-SNAPSHOT)
[23:00:51] [Server thread/INFO]: [spark] This server bundles the spark profiler. For more information please visit https://docs.papermc.io/paper/profiling
[23:00:51] [Server thread/INFO]: Server Ping Player Sample Count: 12
[23:00:51] [Server thread/INFO]: Using 4 threads for Netty based IO
[23:00:52] [Server thread/INFO]: [ChunkTaskScheduler] Chunk system is using 1 I/O threads, 1 worker threads, and population gen parallelism of 1 threads
[23:00:52] [Server thread/INFO]: Default game type: SURVIVAL
[23:00:52] [Server thread/INFO]: Generating keypair
[23:00:52] [Server thread/INFO]: Starting Minecraft server on *:25565
[23:00:52] [Server thread/INFO]: Using epoll channel type
[23:00:52] [Server thread/INFO]: Paper: Using libdeflate (Linux x86_64) compression from Velocity.
[23:00:52] [Server thread/INFO]: Paper: Using OpenSSL 1.1.x (Linux x86_64) cipher from Velocity.
[23:00:52] [Server thread/WARN]: **** SERVER IS RUNNING IN OFFLINE/INSECURE MODE!
[23:00:52] [Server thread/WARN]: The server will make no attempt to authenticate usernames. Beware.
[23:00:52] [Server thread/WARN]: While this makes the game possible to play without internet access, it also opens up the ability for hackers to connect with any username they choose.
[23:00:52] [Server thread/WARN]: To change this, set "online-mode" to "true" in the server.properties file.
[23:00:52] [Server thread/INFO]: Preparing level "world"
[23:01:05] [Server thread/INFO]: Preparing start region for dimension minecraft:overworld
[23:01:11] [Server thread/INFO]: Time elapsed: 6029 ms
[23:01:11] [Server thread/INFO]: Preparing start region for dimension minecraft:the_nether
[23:01:13] [Server thread/INFO]: Time elapsed: 2035 ms
[23:01:13] [Server thread/INFO]: Preparing start region for dimension minecraft:the_end
[23:01:13] [Server thread/INFO]: Time elapsed: 686 ms
[23:01:13] [Server thread/INFO]: [spark] Starting background profiler...
[23:01:14] [Server thread/INFO]: Done preparing level "world" (21.297s)
[23:01:14] [Server thread/INFO]: Running delayed init tasks
[23:01:14] [Server thread/INFO]: Done (33.869s)! For help, type "help"
[23:01:14] [Server thread/INFO]: *************************************************************************************
[23:01:14] [Server thread/INFO]: This is the first time you're starting this server.
[23:01:14] [Server thread/INFO]: It's recommended you read our 'Getting Started' documentation for guidance.
[23:01:14] [Server thread/INFO]: View this and more helpful information here: https://docs.papermc.io/paper/next-steps
[23:01:14] [Server thread/INFO]: *************************************************************************************
[23:01:14] [Server thread/INFO]: Timings Reset
[23:23:54] [User Authenticator #0/INFO]: UUID of player RML08 is cfd14a21-0c2f-3f83-9d7d-4b351ad8d933
[23:23:56] [Server thread/INFO]: RML08 joined the game
[23:23:56] [Server thread/INFO]: RML08[/[0:0:0:0:0:0:0:1%0]:42902] logged in with entity id 173 at ([world]-31.5, 72.0, -9.5)
[23:24:10] [Async Chat Thread - #0/INFO]: [Not Secure] <RML08> hola
[23:27:18] [Server thread/INFO]: RML08 has made the advancement [Stone Age]
[23:27:45] [Server thread/INFO]: RML08 has made the advancement [Getting an Upgrade]
[23:29:23] [User Authenticator #1/INFO]: UUID of player RML08 is cfd14a21-0c2f-3f83-9d7d-4b351ad8d933
[23:29:23] [Server thread/INFO]: RML08 lost connection: You logged in from another location
[23:29:24] [Server thread/INFO]: RML08 left the game
[23:29:26] [Server thread/INFO]: RML08 joined the game
[23:29:26] [Server thread/INFO]: RML08[/[0:0:0:0:0:0:0:1%0]:40710] logged in with entity id 3088 at ([world]59.91531142158581, 66.0, -59.555957884881316)
[23:36:38] [Server thread/INFO]: RML08 has made the advancement [Acquire Hardware]
